Drill Listing
=============
Drill: .018  Tool: 1  Feed: 95  Speed: 300
X 80000  Y 85500
X 120500  Y 85500
X 81500  Y 120000
X 88500  Y 128500
X 88500  Y 141500
X 90000  Y 183500
Drill: .032  Tool: 2  Feed: 197  Speed: 550
X 80000  Y 190000
X 80000  Y 200000
X 80000  Y 260000
X 80000  Y 280000
X 140000  Y 280000
X 140000  Y 260000
X 140000  Y 200000
X 140000  Y 190000
Drill: .037  Tool: 3  Feed: 197  Speed: 550
X 110000  Y 116000
X 110000  Y 126000
X 110000  Y 136000
X 110000  Y 146000
X 140000  Y 146000
X 140000  Y 136000
X 140000  Y 126000
X 140000  Y 116000
Drill: .039  Tool: 4  Feed: 197  Speed: 550
X 100000  Y 100000
X 128500  Y 100000
X 100000  Y 110000
X 100000  Y 120000
X 100000  Y 157500
X 128500  Y 157500
X 100000  Y 167500
X 100000  Y 177500
End of Listing
